C:\Users\subra\Music\phase45
C:\Users\subra\Music\phase45/uploads/
saving C:/Users/subra/Music/phase45/uploads/IMG_20210430_152307.jpg
C:\Users\subra\Music\phase45
C:\Users\subra\Music\phase45/uploads/
saving C:/Users/subra/Music/phase45/uploads/IMG_20210430_152307.jpg
C:\Users\subra\Music\phase45
C:\Users\subra\Music\phase45/uploads/
saving C:/Users/subra/Music/phase45/uploads/IMG_20210430_152353.jpg
C:\Users\subra\Music\phase45
C:\Users\subra\Music\phase45/uploads/
saving C:/Users/subra/Music/phase45/uploads/IMG_20210430_152307.jpg
C:\Users\subra\Music\phase45
C:\Users\subra\Music\phase45/uploads/
saving C:/Users/subra/Music/phase45/uploads/img7.jpeg
C:\Users\subra\Music\phase45
C:\Users\subra\Music\phase45/uploads/
saving C:/Users/subra/Music/phase45/uploads/IMG_20210430_152341.jpg
C:\Users\subra\Music\phase45
C:\Users\subra\Music\phase45/uploads/
saving C:/Users/subra/Music/phase45/uploads/IMG_20210430_152341.jpg
C:\Users\subra\Music\phase45
C:\Users\subra\Music\phase45/uploads/
saving C:/Users/subra/Music/phase45/uploads/img6.jpeg
C:\Users\subra\Music\phase45
C:\Users\subra\Music\phase45/uploads/
saving C:/Users/subra/Music/phase45/uploads/img7.jpeg
C:\Users\subra\Music\phase45
C:\Users\subra\Music\phase45/uploads/
saving C:/Users/subra/Music/phase45/uploads/IMG_20210430_152353.jpg
C:\Users\subra\Music\phase45
C:\Users\subra\Music\phase45/uploads/
saving C:/Users/subra/Music/phase45/uploads/img7.jpg
C:\Users\subra\Music\phase45
C:\Users\subra\Music\phase45/uploads/
saving C:/Users/subra/Music/phase45/uploads/img7.jpeg
C:\Users\subra\Music\phase45
C:\Users\subra\Music\phase45/uploads/
saving C:/Users/subra/Music/phase45/uploads/IMG_20210430_152307.jpg
C:\Users\subra\Music\phase45
C:\Users\subra\Music\phase45/uploads/
saving C:/Users/subra/Music/phase45/uploads/img7.jpg
C:\Users\subra\Music\phase45
C:\Users\subra\Music\phase45/uploads/
saving C:/Users/subra/Music/phase45/uploads/IMG_20210430_152307.jpg
C:\Users\subra\Music\phase45
C:\Users\subra\Music\phase45/uploads/
saving C:/Users/subra/Music/phase45/uploads/IMG_20210430_152327.jpg
C:\Users\subra\Music\phase45
C:\Users\subra\Music\phase45/uploads/
saving C:/Users/subra/Music/phase45/uploads/IMG_20210430_152341.jpg
C:\Users\subra\Music\phase45
C:\Users\subra\Music\phase45/uploads/
saving C:/Users/subra/Music/phase45/uploads/IMG_20210430_152307.jpg
C:\Users\subra\Music\phase45
C:\Users\subra\Music\phase45/uploads/
saving C:/Users/subra/Music/phase45/uploads/IMG_20210430_152341.jpg
C:\Users\DELL\Desktop\Fianallll 11111\phase45
C:\Users\DELL\Desktop\Fianallll 11111\phase45/uploads/
saving C:/Users/DELL/Desktop/Fianallll 11111/phase45/uploads/img7.jpeg
C:\Users\DELL\Desktop\Fianallll 11111\phase45
C:\Users\DELL\Desktop\Fianallll 11111\phase45/uploads/
saving C:/Users/DELL/Desktop/Fianallll 11111/phase45/uploads/img6.jpeg
C:\Users\DELL\Desktop\Fianallll 11111\phase45
C:\Users\DELL\Desktop\Fianallll 11111\phase45/uploads/
saving C:/Users/DELL/Desktop/Fianallll 11111/phase45/uploads/img6.jpeg
C:\Users\DELL\Desktop\Fianallll 11111\phase45
C:\Users\DELL\Desktop\Fianallll 11111\phase45/uploads/
saving C:/Users/DELL/Desktop/Fianallll 11111/phase45/uploads/img7.jpeg
C:\Users\DELL\Desktop\Fianallll edit\phase45
C:\Users\DELL\Desktop\Fianallll edit\phase45/uploads/
saving C:/Users/DELL/Desktop/Fianallll edit/phase45/uploads/IMG_20210430_152409.jpg
C:\Users\DELL\Desktop\Fianallll edit 1\phase45
C:\Users\DELL\Desktop\Fianallll edit 1\phase45/uploads/
saving C:/Users/DELL/Desktop/Fianallll edit 1/phase45/uploads/img7.jpg
C:\Users\DELL\Desktop\Fianallll edit 1\phase45
C:\Users\DELL\Desktop\Fianallll edit 1\phase45/uploads/
saving C:/Users/DELL/Desktop/Fianallll edit 1/phase45/uploads/PicsArt_06-03-12.04.38.jpg
C:\Users\DELL\Desktop\Fianallll edit 1\phase45
C:\Users\DELL\Desktop\Fianallll edit 1\phase45/uploads/
saving C:/Users/DELL/Desktop/Fianallll edit 1/phase45/uploads/2.jpg
C:\Users\DELL\Desktop\Fianallll edit 1\phase45
C:\Users\DELL\Desktop\Fianallll edit 1\phase45/uploads/
saving C:/Users/DELL/Desktop/Fianallll edit 1/phase45/uploads/11.jpeg
C:\Users\DELL\Desktop\Fianallll edit 1\phase45
C:\Users\DELL\Desktop\Fianallll edit 1\phase45/uploads/
saving C:/Users/DELL/Desktop/Fianallll edit 1/phase45/uploads/img7.jpeg
C:\Users\DELL\Desktop\Fianallll edit 1\phase45
C:\Users\DELL\Desktop\Fianallll edit 1\phase45/uploads/
saving C:/Users/DELL/Desktop/Fianallll edit 1/phase45/uploads/img7.jpeg
C:\Users\DELL\Desktop\Fianallll edit 1\phase45
C:\Users\DELL\Desktop\Fianallll edit 1\phase45/uploads/
saving C:/Users/DELL/Desktop/Fianallll edit 1/phase45/uploads/6.jpg
C:\Users\DELL\Desktop\Fianallll edit 1\phase45
C:\Users\DELL\Desktop\Fianallll edit 1\phase45/uploads/
saving C:/Users/DELL/Desktop/Fianallll edit 1/phase45/uploads/img7.jpeg
C:\Users\DELL\Desktop\Fianallll edit 1\phase45
C:\Users\DELL\Desktop\Fianallll edit 1\phase45/uploads/
saving C:/Users/DELL/Desktop/Fianallll edit 1/phase45/uploads/img7.jpeg
C:\Users\DELL\Desktop\Fianallll edit 1\phase45
C:\Users\DELL\Desktop\Fianallll edit 1\phase45/uploads/
saving C:/Users/DELL/Desktop/Fianallll edit 1/phase45/uploads/7.jpg
D:\8th sem\Major Project\Fianallll edit 1\phase45
D:\8th sem\Major Project\Fianallll edit 1\phase45/uploads/
saving D:/8th sem/Major Project/Fianallll edit 1/phase45/uploads/1.jpg
D:\8th sem\Major Project\Fianallll edit 1\phase45
D:\8th sem\Major Project\Fianallll edit 1\phase45/uploads/
saving D:/8th sem/Major Project/Fianallll edit 1/phase45/uploads/1.jpg
D:\8th sem\Major Project\Fianallll edit 1\phase45
D:\8th sem\Major Project\Fianallll edit 1\phase45/uploads/
saving D:/8th sem/Major Project/Fianallll edit 1/phase45/uploads/1.jpg
D:\8th sem\Major Project\Fianallll edit 1\phase45
D:\8th sem\Major Project\Fianallll edit 1\phase45/uploads/
saving D:/8th sem/Major Project/Fianallll edit 1/phase45/uploads/1.jpg
C:\Users\Dell\Downloads\phase45\phase45
C:\Users\Dell\Downloads\phase45\phase45/uploads/
saving C:/Users/Dell/Downloads/phase45/phase45/uploads/WhatsApp_Image_2024-04-15_at_6.15.07_PM.jpeg
C:\Users\Dell\Downloads\phase45\phase45
C:\Users\Dell\Downloads\phase45\phase45/uploads/
saving C:/Users/Dell/Downloads/phase45/phase45/uploads/WhatsApp_Image_2024-04-15_at_6.15.07_PM.jpeg
C:\Users\Dell\Downloads\phase45\phase45
C:\Users\Dell\Downloads\phase45\phase45/uploads/
saving C:/Users/Dell/Downloads/phase45/phase45/uploads/WhatsApp_Image_2024-04-15_at_6.15.07_PM.jpeg
C:\Users\Dell\Downloads\phase45\phase45
C:\Users\Dell\Downloads\phase45\phase45/uploads/
saving C:/Users/Dell/Downloads/phase45/phase45/uploads/WhatsApp_Image_2024-04-15_at_6.15.07_PM.jpeg
C:\Users\Dell\Downloads\phase45\phase45
C:\Users\Dell\Downloads\phase45\phase45/uploads/
saving C:/Users/Dell/Downloads/phase45/phase45/uploads/WhatsApp_Image_2024-04-15_at_6.15.07_PM.jpeg
C:\Users\Dell\Downloads\phase45\phase45
C:\Users\Dell\Downloads\phase45\phase45/uploads/
saving C:/Users/Dell/Downloads/phase45/phase45/uploads/WhatsApp_Image_2024-04-15_at_6.15.07_PM.jpeg
C:\Users\Dell\Downloads\phase45\phase45
C:\Users\Dell\Downloads\phase45\phase45/uploads/
saving C:/Users/Dell/Downloads/phase45/phase45/uploads/receipt1.jpg
C:\Users\Dell\Downloads\phase45\phase45
C:\Users\Dell\Downloads\phase45\phase45/uploads/
saving C:/Users/Dell/Downloads/phase45/phase45/uploads/receipt1.jpg
C:\Users\Dell\Downloads\phase45\phase45
C:\Users\Dell\Downloads\phase45\phase45/uploads/
saving C:/Users/Dell/Downloads/phase45/phase45/uploads/receipt2.jpg
C:\Users\Dell\Downloads\phase45\phase45
C:\Users\Dell\Downloads\phase45\phase45/uploads/
saving C:/Users/Dell/Downloads/phase45/phase45/uploads/receipt3.jpg
C:\Users\Dell\Downloads\phase45\phase45
C:\Users\Dell\Downloads\phase45\phase45/uploads/
saving C:/Users/Dell/Downloads/phase45/phase45/uploads/receipt3.jpg
C:\Users\Dell\Downloads\phase45\phase45
C:\Users\Dell\Downloads\phase45\phase45/uploads/
saving C:/Users/Dell/Downloads/phase45/phase45/uploads/receipt3.jpg
C:\Users\Dell\Downloads\phase45\phase45
C:\Users\Dell\Downloads\phase45\phase45/uploads/
saving C:/Users/Dell/Downloads/phase45/phase45/uploads/6.jpg
C:\Users\Dell\Downloads\phase45\phase45
C:\Users\Dell\Downloads\phase45\phase45/uploads/
saving C:/Users/Dell/Downloads/phase45/phase45/uploads/8.jpg
C:\Users\Dell\Downloads\phase45\phase45
C:\Users\Dell\Downloads\phase45\phase45/uploads/
saving C:/Users/Dell/Downloads/phase45/phase45/uploads/receipt3.jpg
C:\Users\Dell\Downloads\phase45\phase45
C:\Users\Dell\Downloads\phase45\phase45/uploads/
saving C:/Users/Dell/Downloads/phase45/phase45/uploads/receipt3.jpg
C:\Users\Dell\Downloads\phase45\phase45
C:\Users\Dell\Downloads\phase45\phase45/uploads/
saving C:/Users/Dell/Downloads/phase45/phase45/uploads/receipt3.jpg
C:\Users\Dell\Downloads\phase45\phase45
C:\Users\Dell\Downloads\phase45\phase45/uploads/
saving C:/Users/Dell/Downloads/phase45/phase45/uploads/receipt3.jpg
C:\Users\Dell\Downloads\phase45\phase45
C:\Users\Dell\Downloads\phase45\phase45/uploads/
saving C:/Users/Dell/Downloads/phase45/phase45/uploads/receipt3.jpg
C:\Users\Dell\Downloads\phase45\phase45
C:\Users\Dell\Downloads\phase45\phase45/uploads/
saving C:/Users/Dell/Downloads/phase45/phase45/uploads/receipt3.jpg
C:\Users\Dell\Downloads\phase45\phase45
C:\Users\Dell\Downloads\phase45\phase45/uploads/
saving C:/Users/Dell/Downloads/phase45/phase45/uploads/receipt3.jpg
C:\Users\Dell\Downloads\phase45\phase45
C:\Users\Dell\Downloads\phase45\phase45/uploads/
saving C:/Users/Dell/Downloads/phase45/phase45/uploads/receipt3.jpg
C:\Users\Dell\Downloads\phase45\phase45
C:\Users\Dell\Downloads\phase45\phase45/uploads/
saving C:/Users/Dell/Downloads/phase45/phase45/uploads/receipt1.jpg
C:\Users\Dell\Downloads\phase45\phase45
C:\Users\Dell\Downloads\phase45\phase45/uploads/
saving C:/Users/Dell/Downloads/phase45/phase45/uploads/receipt1.jpg
C:\Users\Dell\Downloads\phase45\phase45
C:\Users\Dell\Downloads\phase45\phase45/uploads/
saving C:/Users/Dell/Downloads/phase45/phase45/uploads/receipt1.jpg
